<?xml version="1.0" encoding="UTF-8"?>
<testng-results ignored="0" total="1" passed="1" failed="0" skipped="0">
  <reporter-output>
  </reporter-output>
  <suite started-at="2023-02-25T20:05:20 IST" name="Suite" finished-at="2023-02-25T20:05:35 IST" duration-ms="14732">
    <groups>
    </groups>
    <test started-at="2023-02-25T20:05:20 IST" name="Test" finished-at="2023-02-25T20:05:35 IST" duration-ms="14732">
      <class name="com.qa.fb.tests.Login_Test">
        <test-method signature="login_Test()[pri:0, instance:com.qa.fb.tests.Login_Test@5bbc9f97]" started-at="2023-02-25T20:05:20 IST" name="login_Test" finished-at="2023-02-25T20:05:35 IST" duration-ms="14565" status="PASS">
          <reporter-output>
          </reporter-output>
        </test-method> <!-- login_Test -->
      </class> <!-- com.qa.fb.tests.Login_Test -->
    </test> <!-- Test -->
  </suite> <!-- Suite -->
</testng-results>
